[2026-01-04 18-18-22] PHP Warning: Constant PROJECT_ROOT already defined, this will be an error in PHP 9 in /Users/laurent/Sites/meteodashboard/app/config/config.php:45  @  CLI (PID: 52034): runway config:get 
[2026-01-04 18-23-04] PHP Warning: Undefined array key "driver" in /Users/laurent/Sites/meteodashboard/vendor/flightphp/active-record/src/commands/RecordCommand.php:214  @  CLI (PID: 52155): runway make:record stations 
[2026-01-04 18-23-04] PHP Warning: Undefined array key "driver" in /Users/laurent/Sites/meteodashboard/vendor/flightphp/active-record/src/commands/RecordCommand.php:219  @  CLI (PID: 52155): runway make:record stations 
[2026-01-04 18-23-04] PHP Warning: Undefined array key "port" in /Users/laurent/Sites/meteodashboard/vendor/flightphp/active-record/src/commands/RecordCommand.php:219  @  CLI (PID: 52155): runway make:record stations 
[2026-01-04 18-23-04] PHP Warning: Undefined array key "database" in /Users/laurent/Sites/meteodashboard/vendor/flightphp/active-record/src/commands/RecordCommand.php:219  @  CLI (PID: 52155): runway make:record stations 
[2026-01-04 18-23-04] PHP Warning: Undefined array key "driver" in /Users/laurent/Sites/meteodashboard/vendor/flightphp/active-record/src/commands/RecordCommand.php:220  @  CLI (PID: 52155): runway make:record stations 
[2026-01-04 18-23-04] PHP Warning: Undefined array key "username" in /Users/laurent/Sites/meteodashboard/vendor/flightphp/active-record/src/commands/RecordCommand.php:225  @  CLI (PID: 52155): runway make:record stations 
[2026-01-04 18-25-45] PHP Warning: Undefined array key "driver" in /Users/laurent/Sites/meteodashboard/vendor/flightphp/active-record/src/commands/RecordCommand.php:214  @  CLI (PID: 54099): runway make:record stations 
[2026-01-04 18-25-45] PHP Warning: Undefined array key "driver" in /Users/laurent/Sites/meteodashboard/vendor/flightphp/active-record/src/commands/RecordCommand.php:219  @  CLI (PID: 54099): runway make:record stations 
[2026-01-04 18-25-45] PHP Warning: Undefined array key "port" in /Users/laurent/Sites/meteodashboard/vendor/flightphp/active-record/src/commands/RecordCommand.php:219  @  CLI (PID: 54099): runway make:record stations 
[2026-01-04 18-25-45] PHP Warning: Undefined array key "database" in /Users/laurent/Sites/meteodashboard/vendor/flightphp/active-record/src/commands/RecordCommand.php:219  @  CLI (PID: 54099): runway make:record stations 
[2026-01-04 18-25-45] PHP Warning: Undefined array key "driver" in /Users/laurent/Sites/meteodashboard/vendor/flightphp/active-record/src/commands/RecordCommand.php:220  @  CLI (PID: 54099): runway make:record stations 
[2026-01-04 18-25-45] PHP Warning: Undefined array key "username" in /Users/laurent/Sites/meteodashboard/vendor/flightphp/active-record/src/commands/RecordCommand.php:225  @  CLI (PID: 54099): runway make:record stations 
[2026-01-04 18-34-01] PHP Warning: Undefined array key "driver" in /Users/laurent/Sites/meteodashboard/vendor/flightphp/active-record/src/commands/RecordCommand.php:214  @  CLI (PID: 54350): runway make:record stations 
[2026-01-04 18-34-01] PHP Warning: Undefined array key "driver" in /Users/laurent/Sites/meteodashboard/vendor/flightphp/active-record/src/commands/RecordCommand.php:219  @  CLI (PID: 54350): runway make:record stations 
[2026-01-04 18-34-01] PHP Warning: Undefined array key "port" in /Users/laurent/Sites/meteodashboard/vendor/flightphp/active-record/src/commands/RecordCommand.php:219  @  CLI (PID: 54350): runway make:record stations 
[2026-01-04 18-34-01] PHP Warning: Undefined array key "database" in /Users/laurent/Sites/meteodashboard/vendor/flightphp/active-record/src/commands/RecordCommand.php:219  @  CLI (PID: 54350): runway make:record stations 
[2026-01-04 18-34-01] PHP Warning: Undefined array key "driver" in /Users/laurent/Sites/meteodashboard/vendor/flightphp/active-record/src/commands/RecordCommand.php:220  @  CLI (PID: 54350): runway make:record stations 
[2026-01-04 18-34-01] PHP Warning: Undefined array key "username" in /Users/laurent/Sites/meteodashboard/vendor/flightphp/active-record/src/commands/RecordCommand.php:225  @  CLI (PID: 54350): runway make:record stations 
[2026-01-04 18-36-52] PHP Warning: Undefined array key "driver" in /Users/laurent/Sites/meteodashboard/vendor/flightphp/active-record/src/commands/RecordCommand.php:214  @  CLI (PID: 55512): runway make:record stations 
[2026-01-04 18-36-52] PHP Warning: Undefined array key "driver" in /Users/laurent/Sites/meteodashboard/vendor/flightphp/active-record/src/commands/RecordCommand.php:219  @  CLI (PID: 55512): runway make:record stations 
[2026-01-04 18-36-52] PHP Warning: Undefined array key "port" in /Users/laurent/Sites/meteodashboard/vendor/flightphp/active-record/src/commands/RecordCommand.php:219  @  CLI (PID: 55512): runway make:record stations 
[2026-01-04 18-36-52] PHP Warning: Undefined array key "database" in /Users/laurent/Sites/meteodashboard/vendor/flightphp/active-record/src/commands/RecordCommand.php:219  @  CLI (PID: 55512): runway make:record stations 
[2026-01-04 18-36-52] PHP Warning: Undefined array key "driver" in /Users/laurent/Sites/meteodashboard/vendor/flightphp/active-record/src/commands/RecordCommand.php:220  @  CLI (PID: 55512): runway make:record stations 
[2026-01-04 18-36-52] PHP Warning: Undefined array key "username" in /Users/laurent/Sites/meteodashboard/vendor/flightphp/active-record/src/commands/RecordCommand.php:225  @  CLI (PID: 55512): runway make:record stations 
[2026-01-04 18-37-05] PHP Warning: Undefined array key "driver" in /Users/laurent/Sites/meteodashboard/vendor/flightphp/active-record/src/commands/RecordCommand.php:214  @  CLI (PID: 55521): runway make:record stations 
[2026-01-04 18-37-05] PHP Warning: Undefined array key "driver" in /Users/laurent/Sites/meteodashboard/vendor/flightphp/active-record/src/commands/RecordCommand.php:219  @  CLI (PID: 55521): runway make:record stations 
[2026-01-04 18-37-05] PHP Warning: Undefined array key "port" in /Users/laurent/Sites/meteodashboard/vendor/flightphp/active-record/src/commands/RecordCommand.php:219  @  CLI (PID: 55521): runway make:record stations 
[2026-01-04 18-37-05] PHP Warning: Undefined array key "database" in /Users/laurent/Sites/meteodashboard/vendor/flightphp/active-record/src/commands/RecordCommand.php:219  @  CLI (PID: 55521): runway make:record stations 
[2026-01-04 18-37-05] PHP Warning: Undefined array key "driver" in /Users/laurent/Sites/meteodashboard/vendor/flightphp/active-record/src/commands/RecordCommand.php:220  @  CLI (PID: 55521): runway make:record stations 
[2026-01-04 18-37-05] PHP Warning: Undefined array key "username" in /Users/laurent/Sites/meteodashboard/vendor/flightphp/active-record/src/commands/RecordCommand.php:225  @  CLI (PID: 55521): runway make:record stations 
[2026-01-04 18-47-24] PHP Warning: Undefined array key "driver" in /Users/laurent/Sites/meteodashboard/vendor/flightphp/active-record/src/commands/RecordCommand.php:214  @  CLI (PID: 57924): runway make:record stations 
[2026-01-04 18-47-24] PHP Warning: Undefined array key "driver" in /Users/laurent/Sites/meteodashboard/vendor/flightphp/active-record/src/commands/RecordCommand.php:219  @  CLI (PID: 57924): runway make:record stations 
[2026-01-04 18-47-24] PHP Warning: Undefined array key "port" in /Users/laurent/Sites/meteodashboard/vendor/flightphp/active-record/src/commands/RecordCommand.php:219  @  CLI (PID: 57924): runway make:record stations 
[2026-01-04 18-47-24] PHP Warning: Undefined array key "database" in /Users/laurent/Sites/meteodashboard/vendor/flightphp/active-record/src/commands/RecordCommand.php:219  @  CLI (PID: 57924): runway make:record stations 
[2026-01-04 18-47-24] PHP Warning: Undefined array key "driver" in /Users/laurent/Sites/meteodashboard/vendor/flightphp/active-record/src/commands/RecordCommand.php:220  @  CLI (PID: 57924): runway make:record stations 
[2026-01-04 18-47-24] PHP Warning: Undefined array key "username" in /Users/laurent/Sites/meteodashboard/vendor/flightphp/active-record/src/commands/RecordCommand.php:225  @  CLI (PID: 57924): runway make:record stations 
[2026-01-04 18-50-22] PHP Warning: Undefined array key "driver" in /Users/laurent/Sites/meteodashboard/vendor/flightphp/active-record/src/commands/RecordCommand.php:214  @  CLI (PID: 58844): runway make:record stations 
[2026-01-04 18-50-22] PHP Warning: Undefined array key "driver" in /Users/laurent/Sites/meteodashboard/vendor/flightphp/active-record/src/commands/RecordCommand.php:219  @  CLI (PID: 58844): runway make:record stations 
[2026-01-04 18-50-22] PHP Warning: Undefined array key "port" in /Users/laurent/Sites/meteodashboard/vendor/flightphp/active-record/src/commands/RecordCommand.php:219  @  CLI (PID: 58844): runway make:record stations 
[2026-01-04 18-50-22] PHP Warning: Undefined array key "database" in /Users/laurent/Sites/meteodashboard/vendor/flightphp/active-record/src/commands/RecordCommand.php:219  @  CLI (PID: 58844): runway make:record stations 
[2026-01-04 18-50-22] PHP Warning: Undefined array key "driver" in /Users/laurent/Sites/meteodashboard/vendor/flightphp/active-record/src/commands/RecordCommand.php:220  @  CLI (PID: 58844): runway make:record stations 
[2026-01-04 18-50-22] PHP Warning: Undefined array key "username" in /Users/laurent/Sites/meteodashboard/vendor/flightphp/active-record/src/commands/RecordCommand.php:225  @  CLI (PID: 58844): runway make:record stations 
[2026-01-04 18-50-49] PHP Warning: Undefined array key "driver" in /Users/laurent/Sites/meteodashboard/vendor/flightphp/active-record/src/commands/RecordCommand.php:214  @  CLI (PID: 58847): runway make:record stations 
[2026-01-04 18-50-49] PHP Warning: Undefined array key "driver" in /Users/laurent/Sites/meteodashboard/vendor/flightphp/active-record/src/commands/RecordCommand.php:219  @  CLI (PID: 58847): runway make:record stations 
[2026-01-04 18-50-49] PHP Warning: Undefined array key "port" in /Users/laurent/Sites/meteodashboard/vendor/flightphp/active-record/src/commands/RecordCommand.php:219  @  CLI (PID: 58847): runway make:record stations 
[2026-01-04 18-50-49] PHP Warning: Undefined array key "database" in /Users/laurent/Sites/meteodashboard/vendor/flightphp/active-record/src/commands/RecordCommand.php:219  @  CLI (PID: 58847): runway make:record stations 
[2026-01-04 18-50-49] PHP Warning: Undefined array key "driver" in /Users/laurent/Sites/meteodashboard/vendor/flightphp/active-record/src/commands/RecordCommand.php:220  @  CLI (PID: 58847): runway make:record stations 
[2026-01-04 18-50-49] PHP Warning: Undefined array key "username" in /Users/laurent/Sites/meteodashboard/vendor/flightphp/active-record/src/commands/RecordCommand.php:225  @  CLI (PID: 58847): runway make:record stations 
[2026-01-04 19-37-31] PHP Warning: Undefined array key "driver" in /Users/laurent/Sites/meteodashboard/vendor/flightphp/active-record/src/commands/RecordCommand.php:214  @  CLI (PID: 59685): runway make:record stations 
[2026-01-04 19-37-31] PHP Warning: Undefined array key "driver" in /Users/laurent/Sites/meteodashboard/vendor/flightphp/active-record/src/commands/RecordCommand.php:219  @  CLI (PID: 59685): runway make:record stations 
[2026-01-04 19-37-31] PHP Warning: Undefined array key "port" in /Users/laurent/Sites/meteodashboard/vendor/flightphp/active-record/src/commands/RecordCommand.php:219  @  CLI (PID: 59685): runway make:record stations 
[2026-01-04 19-37-31] PHP Warning: Undefined array key "database" in /Users/laurent/Sites/meteodashboard/vendor/flightphp/active-record/src/commands/RecordCommand.php:219  @  CLI (PID: 59685): runway make:record stations 
[2026-01-04 19-37-31] PHP Warning: Undefined array key "driver" in /Users/laurent/Sites/meteodashboard/vendor/flightphp/active-record/src/commands/RecordCommand.php:220  @  CLI (PID: 59685): runway make:record stations 
[2026-01-04 19-37-31] PHP Warning: Undefined array key "username" in /Users/laurent/Sites/meteodashboard/vendor/flightphp/active-record/src/commands/RecordCommand.php:225  @  CLI (PID: 59685): runway make:record stations 
[2026-01-04 19-39-40] PHP Warning: Undefined array key "driver" in /Users/laurent/Sites/meteodashboard/vendor/flightphp/active-record/src/commands/RecordCommand.php:215  @  CLI (PID: 59754): runway make:record stations 
[2026-01-04 19-39-40] PHP Warning: Undefined array key "driver" in /Users/laurent/Sites/meteodashboard/vendor/flightphp/active-record/src/commands/RecordCommand.php:220  @  CLI (PID: 59754): runway make:record stations 
[2026-01-04 19-39-40] PHP Warning: Undefined array key "port" in /Users/laurent/Sites/meteodashboard/vendor/flightphp/active-record/src/commands/RecordCommand.php:220  @  CLI (PID: 59754): runway make:record stations 
[2026-01-04 19-39-40] PHP Warning: Undefined array key "database" in /Users/laurent/Sites/meteodashboard/vendor/flightphp/active-record/src/commands/RecordCommand.php:220  @  CLI (PID: 59754): runway make:record stations 
[2026-01-04 19-39-40] PHP Warning: Undefined array key "driver" in /Users/laurent/Sites/meteodashboard/vendor/flightphp/active-record/src/commands/RecordCommand.php:221  @  CLI (PID: 59754): runway make:record stations 
[2026-01-04 19-39-40] PHP Warning: Undefined array key "username" in /Users/laurent/Sites/meteodashboard/vendor/flightphp/active-record/src/commands/RecordCommand.php:226  @  CLI (PID: 59754): runway make:record stations 
[2026-01-04 19-40-56] PHP Warning: Undefined array key "dbname" in /Users/laurent/Sites/meteodashboard/app/config/services.php:83  @  CLI (PID: 59763): runway make:record stations 
[2026-01-04 19-40-56] PHP Warning: Undefined array key "driver" in /Users/laurent/Sites/meteodashboard/vendor/flightphp/active-record/src/commands/RecordCommand.php:214  @  CLI (PID: 59763): runway make:record stations 
[2026-01-04 19-40-56] PHP Warning: Undefined array key "driver" in /Users/laurent/Sites/meteodashboard/vendor/flightphp/active-record/src/commands/RecordCommand.php:219  @  CLI (PID: 59763): runway make:record stations 
[2026-01-04 19-40-56] PHP Warning: Undefined array key "port" in /Users/laurent/Sites/meteodashboard/vendor/flightphp/active-record/src/commands/RecordCommand.php:219  @  CLI (PID: 59763): runway make:record stations 
[2026-01-04 19-40-56] PHP Warning: Undefined array key "driver" in /Users/laurent/Sites/meteodashboard/vendor/flightphp/active-record/src/commands/RecordCommand.php:220  @  CLI (PID: 59763): runway make:record stations 
[2026-01-04 19-43-14] PHP Warning: Undefined array key "dbname" in /Users/laurent/Sites/meteodashboard/app/config/services.php:83  @  CLI (PID: 59789): runway make:record stations 
[2026-01-04 19-43-14] PHP Warning: Undefined array key "port" in /Users/laurent/Sites/meteodashboard/vendor/flightphp/active-record/src/commands/RecordCommand.php:219  @  CLI (PID: 59789): runway make:record stations 
[2026-01-04 19-43-14] PHP Warning: Undefined array key "charset" in /Users/laurent/Sites/meteodashboard/vendor/flightphp/active-record/src/commands/RecordCommand.php:221  @  CLI (PID: 59789): runway make:record stations 
[2026-01-04 19-43-35] PHP Warning: Undefined array key "dbname" in /Users/laurent/Sites/meteodashboard/app/config/services.php:83  @  CLI (PID: 59797): runway make:record stations 
[2026-01-04 19-43-35] PHP Warning: Undefined array key "port" in /Users/laurent/Sites/meteodashboard/vendor/flightphp/active-record/src/commands/RecordCommand.php:219  @  CLI (PID: 59797): runway make:record stations 
[2026-01-04 19-43-35] PHP Warning: Undefined array key "charset" in /Users/laurent/Sites/meteodashboard/vendor/flightphp/active-record/src/commands/RecordCommand.php:221  @  CLI (PID: 59797): runway make:record stations 
[2026-01-04 19-44-29] PHP Warning: Undefined array key "dbname" in /Users/laurent/Sites/meteodashboard/app/config/services.php:83  @  CLI (PID: 59803): runway make:record stations 
[2026-01-04 19-44-29] PHP Warning: Undefined array key "port" in /Users/laurent/Sites/meteodashboard/vendor/flightphp/active-record/src/commands/RecordCommand.php:219  @  CLI (PID: 59803): runway make:record stations 
[2026-01-04 19-45-21] PHP Warning: Undefined array key "dbname" in /Users/laurent/Sites/meteodashboard/app/config/services.php:83  @  CLI (PID: 59815): runway make:record stations 
[2026-01-04 19-45-21] PHP Warning: Undefined array key "port" in /Users/laurent/Sites/meteodashboard/vendor/flightphp/active-record/src/commands/RecordCommand.php:219  @  CLI (PID: 59815): runway make:record stations 
[2026-01-04 19-45-33] PHP Warning: Undefined array key "dbname" in /Users/laurent/Sites/meteodashboard/app/config/services.php:83  @  CLI (PID: 59818): runway make:record stations 
[2026-01-04 19-45-33] PHP Warning: Undefined array key "port" in /Users/laurent/Sites/meteodashboard/vendor/flightphp/active-record/src/commands/RecordCommand.php:219  @  CLI (PID: 59818): runway make:record stations 
[2026-01-04 19-45-53] PHP Warning: Undefined array key "dbname" in /Users/laurent/Sites/meteodashboard/app/config/services.php:83  @  CLI (PID: 59824): runway make:record stations 
[2026-01-04 19-45-53] PHP Warning: Undefined array key "port" in /Users/laurent/Sites/meteodashboard/vendor/flightphp/active-record/src/commands/RecordCommand.php:219  @  CLI (PID: 59824): runway make:record stations 
[2026-01-04 19-46-02] PHP Warning: Undefined array key "dbname" in /Users/laurent/Sites/meteodashboard/app/config/services.php:83  @  CLI (PID: 59828): runway make:record datapoints 
[2026-01-04 19-46-02] PHP Warning: Undefined array key "port" in /Users/laurent/Sites/meteodashboard/vendor/flightphp/active-record/src/commands/RecordCommand.php:219  @  CLI (PID: 59828): runway make:record datapoints 
